0 info it worked if it ends with ok
1 verbose cli [
1 verbose cli   'C:\\Users\\Damyan\\Desktop\\diplomna git\\node\\node.exe',
1 verbose cli   'C:\\Users\\Damyan\\Desktop\\diplomna git\\node\\node_modules\\npm\\bin\\npm-cli.js',
1 verbose cli   'install'
1 verbose cli ]
2 info using npm@1.4.9
3 info using node@v25.2.1
4 error Error: crypto binding not found.
4 error Please build node with openssl.
4 error No such module: crypto
4 error     at Object.<anonymous> (C:\Users\Damyan\Desktop\diplomna git\node\node_modules\npm\node_modules\sha\index.js:14:12)
4 error     at Module._compile (node:internal/modules/cjs/loader:1760:14)
4 error     at Object..js (node:internal/modules/cjs/loader:1892:10)
4 error     at Module.load (node:internal/modules/cjs/loader:1480:32)
4 error     at Module._load (node:internal/modules/cjs/loader:1299:12)
4 error     at TracingChannel.traceSync (node:diagnostics_channel:328:14)
4 error     at wrapModuleLoad (node:internal/modules/cjs/loader:245:24)
4 error     at Module.require (node:internal/modules/cjs/loader:1503:12)
4 error     at require (node:internal/modules/helpers:152:16)
4 error     at Object.<anonymous> (C:\Users\Damyan\Desktop\diplomna git\node\node_modules\npm\lib\cache.js:72:11)
5 error If you need help, you may report this *entire* log,
5 error including the npm and node versions, at:
5 error     <http://github.com/npm/npm/issues>
6 error System Windows_NT 10.0.19045
7 error command "C:\\Users\\Damyan\\Desktop\\diplomna git\\node\\node.exe" "C:\\Users\\Damyan\\Desktop\\diplomna git\\node\\node_modules\\npm\\bin\\npm-cli.js" "install"
8 error cwd C:\Users\Damyan\Desktop\diplomna git
9 error node -v v25.2.1
10 error npm -v 1.4.9
11 verbose exit [ 1, true ]
